dfknsuz
dfknszu
dfknusz
dfknuzs
dfknzsu
dfknzus
dfksnuz
dfksnzu
dfksunz
dfksuzn
dfksznu
dfkszun
dfkunsz
dfkunzs
dfkusnz
dfkuszn
dfkuzns
dfkuzsn
dfkznsu
dfkznus
dfkzsnu
dfkzsun
dfkzuns
dfkzusn
dfnksuz
dfnkszu
dfnkusz
dfnkuzs
dfnkzsu
dfnkzus
dfnskuz
dfnskzu
dfnsukz
dfnsuzk
dfnszku
dfnszuk
dfnuksz
dfnukzs
dfnuskz
dfnuszk
dfnuzks
dfnuzsk
dfnzksu
dfnzkus
dfnzsku
dfnzsuk
dfnzuks
dfnzusk
dfsknuz
dfsknzu
dfskunz
dfskuzn
dfskznu
dfskzun
dfsnkuz
dfsnkzu
dfsnukz
dfsnuzk
dfsnzku
dfsnzuk
dfsuknz
dfsukzn
dfsunkz
dfsunzk
dfsuzkn
dfsuznk
dfszknu
dfszkun
dfsznku
dfsznuk
dfszukn
dfszunk
dfuknsz
dfuknzs
dfuksnz
dfukszn
dfukzns
dfukzsn
dfunksz
dfunkzs
dfunskz
dfunszk
dfunzks
dfunzsk
dfusknz
dfuskzn
dfusnkz
dfusnzk
dfuszkn
dfusznk
dfuzkns
dfuzksn
dfuznks
dfuznsk
dfuzskn
dfuzsnk
dfzknsu
dfzknus
dfzksnu
dfzksun
dfzkuns
dfzkusn
dfznksu
dfznkus
dfznsku
dfznsuk
dfznuks
dfznusk
dfzsknu
dfzskun
dfzsnku
dfzsnuk
dfzsukn
dfzsunk
dfzukns
dfzuksn
dfzunks
dfzunsk
dfzuskn
dfzusnk
dkfnsuz
dkfnszu
dkfnusz
dkfnuzs
dkfnzsu
dkfnzus
dkfsnuz
dkfsnzu
dkfsunz
dkfsuzn
dkfsznu
dkfszun
dkfunsz
dkfunzs
dkfusnz
dkfuszn
dkfuzns
dkfuzsn
dkfznsu
dkfznus
dkfzsnu
dkfzsun
dkfzuns
dkfzusn
dknfsuz
dknfszu
dknfusz
dknfuzs
dknfzsu
dknfzus
dknsfuz
dknsfzu
dknsufz
dknsuzf
dknszfu
dknszuf
dknufsz
dknufzs
dknusfz
dknuszf
dknuzfs
dknuzsf
dknzfsu
dknzfus
dknzsfu
dknzsuf
dknzufs
dknzusf
dksfnuz
dksfnzu
dksfunz
dksfuzn
dksfznu
dksfzun
dksnfuz
dksnfzu
dksnufz
dksnuzf
dksnzfu
dksnzuf
dksufnz
dksufzn
dksunfz
dksunzf
dksuzfn
dksuznf
dkszfnu
dkszfun
dksznfu
dksznuf
dkszufn
dkszunf
dkufnsz
dkufnzs
dkufsnz
dkufszn
dkufzns
dkufzsn
dkunfsz
dkunfzs
dkunsfz
dkunszf
dkunzfs
dkunzsf
dkusfnz
dkusfzn
dkusnfz
dkusnzf
dkuszfn
dkusznf
dkuzfns
dkuzfsn
dkuznfs
dkuznsf
dkuzsfn
dkuzsnf
dkzfnsu
dkzfnus
dkzfsnu
dkzfsun
dkzfuns
dkzfusn
dkznfsu
dkznfus
dkznsfu
dkznsuf
dkznufs
dkznusf
dkzsfnu
dkzsfun
dkzsnfu
dkzsnuf
dkzsufn
dkzsunf
dkzufns
dkzufsn
dkzunfs
dkzunsf
dkzusfn
dkzusnf
dnfksuz
dnfkszu
dnfkusz
dnfkuzs
dnfkzsu
dnfkzus
dnfskuz
dnfskzu
dnfsukz
dnfsuzk
dnfszku
dnfszuk
dnfuksz
dnfukzs
dnfuskz
dnfuszk
dnfuzks
dnfuzsk
dnfzksu
dnfzkus
dnfzsku
dnfzsuk
dnfzuks
dnfzusk
dnkfsuz
dnkfszu
dnkfusz
dnkfuzs
dnkfzsu
dnkfzus
dnksfuz
dnksfzu
dnksufz
dnksuzf
dnkszfu
dnkszuf
dnkufsz
dnkufzs
dnkusfz
dnkuszf
dnkuzfs
dnkuzsf
dnkzfsu
dnkzfus
dnkzsfu
dnkzsuf
dnkzufs
dnkzusf
dnsfkuz
dnsfkzu
dnsfukz
dnsfuzk
dnsfzku
dnsfzuk
dnskfuz
dnskfzu
dnskufz
dnskuzf
dnskzfu
dnskzuf
dnsufkz
dnsufzk
dnsukfz
dnsukzf
dnsuzfk
dnsuzkf
dnszfku
dnszfuk
dnszkfu
dnszkuf
dnszufk
dnszukf
dnufksz
dnufkzs
dnufskz
dnufszk
dnufzks
dnufzsk
dnukfsz
dnukfzs
dnuksfz
dnukszf
dnukzfs
dnukzsf
dnusfkz
dnusfzk
dnuskfz
dnuskzf
dnuszfk
dnuszkf
dnuzfks
dnuzfsk
dnuzkfs
dnuzksf
dnuzsfk
dnuzskf
dnzfksu
dnzfkus
dnzfsku
dnzfsuk
dnzfuks
dnzfusk
dnzkfsu
dnzkfus
dnzksfu
dnzksuf
dnzkufs
dnzkusf
dnzsfku
dnzsfuk
dnzskfu
dnzskuf
dnzsufk
dnzsukf
dnzufks
dnzufsk
dnzukfs
dnzuksf
dnzusfk
dnzuskf
dsfknuz
dsfknzu
dsfkunz
dsfkuzn
dsfkznu
dsfkzun
dsfnkuz
dsfnkzu
dsfnukz
dsfnuzk
dsfnzku
dsfnzuk
dsfuknz
dsfukzn
dsfunkz
dsfunzk
dsfuzkn
dsfuznk
dsfzknu
dsfzkun
dsfznku
dsfznuk
dsfzukn
dsfzunk
dskfnuz
dskfnzu
dskfunz
dskfuzn
dskfznu
dskfzun
dsknfuz
dsknfzu
dsknufz
dsknuzf
dsknzfu
dsknzuf
dskufnz
dskufzn
dskunfz
dskunzf
dskuzfn
dskuznf
dskzfnu
dskzfun
dskznfu
dskznuf
dskzufn
dskzunf
dsnfkuz
dsnfkzu
dsnfukz
dsnfuzk
dsnfzku
dsnfzuk
dsnkfuz
dsnkfzu
dsnkufz
dsnkuzf
dsnkzfu
dsnkzuf
dsnufkz
dsnufzk
dsnukfz
dsnukzf
dsnuzfk
dsnuzkf
dsnzfku
dsnzfuk
dsnzkfu
dsnzkuf
dsnzufk
dsnzukf
dsufknz
dsufkzn
dsufnkz
dsufnzk
dsufzkn
dsufznk
dsukfnz
dsukfzn
dsuknfz
dsuknzf
dsukzfn
dsukznf
dsunfkz
dsunfzk
dsunkfz
dsunkzf
dsunzfk
dsunzkf
dsuzfkn
dsuzfnk
dsuzkfn
dsuzknf
dsuznfk
dsuznkf
dszfknu
dszfkun
dszfnku
dszfnuk
dszfukn
dszfunk
dszkfnu
dszkfun
dszknfu
dszknuf
dszkufn
dszkunf
dsznfku
dsznfuk
dsznkfu
dsznkuf
dsznufk
dsznukf
dszufkn
dszufnk
dszukfn
dszuknf
dszunfk
dszunkf
dufknsz
dufknzs
dufksnz
dufkszn
dufkzns
dufkzsn
dufnksz
dufnkzs
dufnskz
dufnszk
dufnzks
dufnzsk
dufsknz
dufskzn
dufsnkz
dufsnzk
dufszkn
dufsznk
dufzkns
dufzksn
dufznks
dufznsk
dufzskn
dufzsnk
dukfnsz
dukfnzs
dukfsnz
dukfszn
dukfzns
dukfzsn
duknfsz
duknfzs
duknsfz
duknszf
duknzfs
duknzsf
duksfnz
duksfzn
duksnfz
duksnzf
dukszfn
duksznf
dukzfns
dukzfsn
dukznfs
dukznsf
dukzsfn
dukzsnf
dunfksz
dunfkzs
dunfskz
dunfszk
dunfzks
dunfzsk
dunkfsz
dunkfzs
dunksfz
dunkszf
dunkzfs
dunkzsf
dunsfkz
dunsfzk
dunskfz
dunskzf
dunszfk
dunszkf
dunzfks
dunzfsk
dunzkfs
dunzksf
dunzsfk
dunzskf
dusfknz
dusfkzn
dusfnkz
dusfnzk
dusfzkn
dusfznk
duskfnz
duskfzn
dusknfz
dusknzf
duskzfn
duskznf
dusnfkz
dusnfzk
dusnkfz
dusnkzf
dusnzfk
dusnzkf
duszfkn
duszfnk
duszkfn
duszknf
dusznfk
dusznkf
duzfkns
duzfksn
duzfnks
duzfnsk
duzfskn
duzfsnk
duzkfns
duzkfsn
duzknfs
duzknsf
duzksfn
duzksnf
duznfks
duznfsk
duznkfs
duznksf
duznsfk
duznskf
duzsfkn
duzsfnk
duzskfn
duzsknf
duzsnfk
duzsnkf
dzfknsu
dzfknus
dzfksnu
dzfksun
dzfkuns
dzfkusn
dzfnksu
dzfnkus
dzfnsku
dzfnsuk
dzfnuks
dzfnusk
dzfsknu
dzfskun
dzfsnku
dzfsnuk
dzfsukn
dzfsunk
dzfukns
dzfuksn
dzfunks
dzfunsk
dzfuskn
dzfusnk
dzkfnsu
dzkfnus
dzkfsnu
dzkfsun
dzkfuns
dzkfusn
dzknfsu
dzknfus
dzknsfu
dzknsuf
dzknufs
dzknusf
dzksfnu
dzksfun
dzksnfu
dzksnuf
dzksufn
dzksunf
dzkufns
dzkufsn
dzkunfs
dzkunsf
dzkusfn
dzkusnf
dznfksu
dznfkus
dznfsku
dznfsuk
dznfuks
dznfusk
dznkfsu
dznkfus
dznksfu
dznksuf
dznkufs
dznkusf
dznsfku
dznsfuk
dznskfu
dznskuf
dznsufk
dznsukf
dznufks
dznufsk
dznukfs
dznuksf
dznusfk
dznuskf
dzsfknu
dzsfkun
dzsfnku
dzsfnuk
dzsfukn
dzsfunk
dzskfnu
dzskfun
dzsknfu
dzsknuf
dzskufn
dzskunf
dzsnfku
dzsnfuk
dzsnkfu
dzsnkuf
dzsnufk
dzsnukf
dzsufkn
dzsufnk
dzsukfn
dzsuknf
dzsunfk
dzsunkf
dzufkns
dzufksn
dzufnks
dzufnsk
dzufskn
dzufsnk
dzukfns
dzukfsn
dzuknfs
dzuknsf
dzuksfn
dzuksnf
dzunfks
dzunfsk
dzunkfs
dzunksf
dzunsfk
dzunskf
dzusfkn
dzusfnk
dzuskfn
dzusknf
dzusnfk
dzusnkf
fdknsuz
fdknszu
fdknusz
fdknuzs
fdknzsu
fdknzus
fdksnuz
fdksnzu
fdksunz
fdksuzn
fdksznu
fdkszun
fdkunsz
fdkunzs
fdkusnz
fdkuszn
fdkuzns
fdkuzsn
fdkznsu
fdkznus
fdkzsnu
fdkzsun
fdkzuns
fdkzusn
fdnksuz
fdnkszu
fdnkusz
fdnkuzs
fdnkzsu
fdnkzus
fdnskuz
fdnskzu
fdnsukz
fdnsuzk
fdnszku
fdnszuk
fdnuksz
fdnukzs
fdnuskz
fdnuszk
fdnuzks
fdnuzsk
fdnzksu
fdnzkus
fdnzsku
fdnzsuk
fdnzuks
fdnzusk
fdsknuz
fdsknzu
fdskunz
fdskuzn
fdskznu
fdskzun
fdsnkuz
fdsnkzu
fdsnukz
fdsnuzk
fdsnzku
fdsnzuk
fdsuknz
fdsukzn
fdsunkz
fdsunzk
fdsuzkn
fdsuznk
fdszknu
fdszkun
fdsznku
fdsznuk
fdszukn
fdszunk
fduknsz
fduknzs
fduksnz
fdukszn
fdukzns
fdukzsn
fdunksz
fdunkzs
fdunskz
fdunszk
fdunzks
fdunzsk
fdusknz
fduskzn
fdusnkz
fdusnzk
fduszkn
fdusznk
fduzkns
fduzksn
fduznks
fduznsk
fduzskn
fduzsnk
fdzknsu
fdzknus
fdzksnu
fdzksun
fdzkuns
fdzkusn
fdznksu
fdznkus
fdznsku
fdznsuk
fdznuks
fdznusk
fdzsknu
fdzskun
fdzsnku
fdzsnuk
fdzsukn
fdzsunk
fdzukns
fdzuksn
fdzunks
fdzunsk
fdzuskn
fdzusnk
fkdnsuz
fkdnszu
fkdnusz
fkdnuzs
fkdnzsu
fkdnzus
fkdsnuz
fkdsnzu
fkdsunz
fkdsuzn
fkdsznu
fkdszun
fkdunsz
fkdunzs
fkdusnz
fkduszn
fkduzns
fkduzsn
fkdznsu
fkdznus
fkdzsnu
fkdzsun
fkdzuns
fkdzusn
fkndsuz
fkndszu
fkndusz
fknduzs
fkndzsu
fkndzus
fknsduz
fknsdzu
fknsudz
fknsuzd
fknszdu
fknszud
fknudsz
fknudzs
fknusdz
fknuszd
fknuzds
fknuzsd
fknzdsu
fknzdus
fknzsdu
fknzsud
fknzuds
fknzusd
fksdnuz
fksdnzu
fksdunz
fksduzn
fksdznu
fksdzun
fksnduz
fksndzu
fksnudz
fksnuzd
fksnzdu
fksnzud
fksudnz
fksudzn
fksundz
fksunzd
fksuzdn
fksuznd
fkszdnu
fkszdun
fkszndu
fksznud
fkszudn
fkszund
fkudnsz
fkudnzs
fkudsnz
fkudszn
fkudzns
fkudzsn
fkundsz
fkundzs
fkunsdz
fkunszd
fkunzds
fkunzsd
fkusdnz
fkusdzn
fkusndz
fkusnzd
fkuszdn
fkusznd
fkuzdns
fkuzdsn
fkuznds
fkuznsd
fkuzsdn
fkuzsnd
fkzdnsu
fkzdnus
fkzdsnu
fkzdsun
fkzduns
fkzdusn
fkzndsu
fkzndus
fkznsdu
fkznsud
fkznuds
fkznusd
fkzsdnu
fkzsdun
fkzsndu
fkzsnud
fkzsudn
fkzsund
fkzudns
fkzudsn
fkzunds
fkzunsd
fkzusdn
fkzusnd
fndksuz
fndkszu
fndkusz
fndkuzs
fndkzsu
fndkzus
fndskuz
fndskzu
fndsukz
fndsuzk
fndszku
fndszuk
fnduksz
fndukzs
fnduskz
fnduszk
fnduzks
fnduzsk
fndzksu
fndzkus
fndzsku
fndzsuk
fndzuks
fndzusk
fnkdsuz
fnkdszu
fnkdusz
fnkduzs
fnkdzsu
fnkdzus
fnksduz
fnksdzu
fnksudz
fnksuzd
fnkszdu
fnkszud
fnkudsz
fnkudzs
fnkusdz
fnkuszd
fnkuzds
fnkuzsd
fnkzdsu
fnkzdus
fnkzsdu
fnkzsud
fnkzuds
fnkzusd
fnsdkuz
fnsdkzu
fnsdukz
fnsduzk
fnsdzku
fnsdzuk
fnskduz
fnskdzu
fnskudz
fnskuzd
fnskzdu
fnskzud
fnsudkz
fnsudzk
fnsukdz
fnsukzd
fnsuzdk
fnsuzkd
fnszdku
fnszduk
fnszkdu
fnszkud
fnszudk
fnszukd
fnudksz
fnudkzs
fnudskz
fnudszk
fnudzks
fnudzsk
fnukdsz
fnukdzs
fnuksdz
fnukszd
fnukzds
fnukzsd
fnusdkz
fnusdzk
fnuskdz
fnuskzd
fnuszdk
fnuszkd
fnuzdks
fnuzdsk
fnuzkds
fnuzksd
fnuzsdk
fnuzskd
fnzdksu
fnzdkus
fnzdsku
fnzdsuk
fnzduks
fnzdusk
fnzkdsu
fnzkdus
fnzksdu
fnzksud
fnzkuds
fnzkusd
fnzsdku
fnzsduk
fnzskdu
fnzskud
fnzsudk
fnzsukd
fnzudks
fnzudsk
fnzukds
fnzuksd
fnzusdk
fnzuskd
fsdknuz
fsdknzu
fsdkunz
fsdkuzn
fsdkznu
fsdkzun
fsdnkuz
fsdnkzu
fsdnukz
fsdnuzk
fsdnzku
fsdnzuk
fsduknz
fsdukzn
fsdunkz
fsdunzk
fsduzkn
fsduznk
fsdzknu
fsdzkun
fsdznku
fsdznuk
fsdzukn
fsdzunk
fskdnuz
fskdnzu
fskdunz
fskduzn
fskdznu
fskdzun
fsknduz
fskndzu
fsknudz
fsknuzd
fsknzdu
fsknzud
fskudnz
fskudzn
fskundz
fskunzd
fskuzdn
fskuznd
fskzdnu
fskzdun
fskzndu
fskznud
fskzudn
fskzund
fsndkuz
fsndkzu
fsndukz
fsnduzk
fsndzku
fsndzuk
fsnkduz
fsnkdzu
fsnkudz
fsnkuzd
fsnkzdu
fsnkzud
fsnudkz
fsnudzk
fsnukdz
fsnukzd
fsnuzdk
fsnuzkd
fsnzdku
fsnzduk
fsnzkdu
fsnzkud
fsnzudk
fsnzukd
fsudknz
fsudkzn
fsudnkz
fsudnzk
fsudzkn
fsudznk
fsukdnz
fsukdzn
fsukndz
fsuknzd
fsukzdn
fsukznd
fsundkz
fsundzk
fsunkdz
fsunkzd
fsunzdk
fsunzkd
fsuzdkn
fsuzdnk
fsuzkdn
fsuzknd
fsuzndk
fsuznkd
fszdknu
fszdkun
fszdnku
fszdnuk
fszdukn
fszdunk
fszkdnu
fszkdun
fszkndu
fszknud
fszkudn
fszkund
fszndku
fsznduk
fsznkdu
fsznkud
fsznudk
fsznukd
fszudkn
fszudnk
fszukdn
fszuknd
fszundk
fszunkd
fudknsz
fudknzs
fudksnz
fudkszn
fudkzns
fudkzsn
fudnksz
fudnkzs
fudnskz
fudnszk
fudnzks
fudnzsk
fudsknz
fudskzn
fudsnkz
fudsnzk
fudszkn
fudsznk
fudzkns
fudzksn
fudznks
fudznsk
fudzskn
fudzsnk
fukdnsz
fukdnzs
fukdsnz
fukdszn
fukdzns
fukdzsn
fukndsz
fukndzs
fuknsdz
fuknszd
fuknzds
fuknzsd
fuksdnz
fuksdzn
fuksndz
fuksnzd
fukszdn
fuksznd
fukzdns
fukzdsn
fukznds
fukznsd
fukzsdn
fukzsnd
fundksz
fundkzs
fundskz
fundszk
fundzks
fundzsk
funkdsz
funkdzs
funksdz
funkszd
funkzds
funkzsd
funsdkz
funsdzk
funskdz
funskzd
funszdk
funszkd
funzdks
funzdsk
funzkds
funzksd
funzsdk
funzskd
fusdknz
fusdkzn
fusdnkz
fusdnzk
fusdzkn
fusdznk
fuskdnz
fuskdzn
fuskndz
fusknzd
fuskzdn
fuskznd
fusndkz
fusndzk
fusnkdz
fusnkzd
fusnzdk
fusnzkd
fuszdkn
fuszdnk
fuszkdn
fuszknd
fuszndk
fusznkd
fuzdkns
fuzdksn
fuzdnks
fuzdnsk
fuzdskn
fuzdsnk
fuzkdns
fuzkdsn
fuzknds
fuzknsd
fuzksdn
fuzksnd
fuzndks
fuzndsk
fuznkds
fuznksd
fuznsdk
fuznskd
fuzsdkn
fuzsdnk
fuzskdn
fuzsknd
fuzsndk
fuzsnkd
fzdknsu
fzdknus
fzdksnu
fzdksun
fzdkuns
fzdkusn
fzdnksu
fzdnkus
fzdnsku
fzdnsuk
fzdnuks
fzdnusk
fzdsknu
fzdskun
fzdsnku
fzdsnuk
fzdsukn
fzdsunk
fzdukns
fzduksn
fzdunks
fzdunsk
fzduskn
fzdusnk
fzkdnsu
fzkdnus
fzkdsnu
fzkdsun
fzkduns
fzkdusn
fzkndsu
fzkndus
fzknsdu
fzknsud
fzknuds
fzknusd
fzksdnu
fzksdun
fzksndu
fzksnud
fzksudn
fzksund
fzkudns
fzkudsn
fzkunds
fzkunsd
fzkusdn
fzkusnd
fzndksu
fzndkus
fzndsku
fzndsuk
fznduks
fzndusk
fznkdsu
fznkdus
fznksdu
fznksud
fznkuds
fznkusd
fznsdku
fznsduk
fznskdu
fznskud
fznsudk
fznsukd
fznudks
fznudsk
fznukds
fznuksd
fznusdk
fznuskd
fzsdknu
fzsdkun
fzsdnku
fzsdnuk
fzsdukn
fzsdunk
fzskdnu
fzskdun
fzskndu
fzsknud
fzskudn
fzskund
fzsndku
fzsnduk
fzsnkdu
fzsnkud
fzsnudk
fzsnukd
fzsudkn
fzsudnk
fzsukdn
fzsuknd
fzsundk
fzsunkd
fzudkns
fzudksn
fzudnks
fzudnsk
fzudskn
fzudsnk
fzukdns
fzukdsn
fzuknds
fzuknsd
fzuksdn
fzuksnd
fzundks
fzundsk
fzunkds
fzunksd
fzunsdk
fzunskd
fzusdkn
fzusdnk
fzuskdn
fzusknd
fzusndk
fzusnkd
kdfnsuz
kdfnszu
kdfnusz
kdfnuzs
kdfnzsu
kdfnzus
kdfsnuz
kdfsnzu
kdfsunz
kdfsuzn
kdfsznu
kdfszun
kdfunsz
kdfunzs
kdfusnz
kdfuszn
kdfuzns
kdfuzsn
kdfznsu
kdfznus
kdfzsnu
kdfzsun
kdfzuns
kdfzusn
kdnfsuz
kdnfszu
kdnfusz
kdnfuzs
kdnfzsu
kdnfzus
kdnsfuz
kdnsfzu
kdnsufz
kdnsuzf
kdnszfu
kdnszuf
kdnufsz
kdnufzs
kdnusfz
kdnuszf
kdnuzfs
kdnuzsf
kdnzfsu
kdnzfus
kdnzsfu
kdnzsuf
kdnzufs
kdnzusf
kdsfnuz
kdsfnzu
kdsfunz
kdsfuzn
kdsfznu
kdsfzun
kdsnfuz
kdsnfzu
kdsnufz
kdsnuzf
kdsnzfu
kdsnzuf
kdsufnz
kdsufzn
kdsunfz
kdsunzf
kdsuzfn
kdsuznf
kdszfnu
kdszfun
kdsznfu
kdsznuf
kdszufn
kdszunf
kdufnsz
kdufnzs
kdufsnz
kdufszn
kdufzns
kdufzsn
kdunfsz
kdunfzs
kdunsfz
kdunszf
kdunzfs
kdunzsf
kdusfnz
kdusfzn
kdusnfz
kdusnzf
kduszfn
kdusznf
kduzfns
kduzfsn
kduznfs
kduznsf
kduzsfn
kduzsnf
kdzfnsu
kdzfnus
kdzfsnu
kdzfsun
kdzfuns
kdzfusn
kdznfsu
kdznfus
kdznsfu
kdznsuf
kdznufs
kdznusf
kdzsfnu
kdzsfun
kdzsnfu
kdzsnuf
kdzsufn
kdzsunf
kdzufns
kdzufsn
kdzunfs
kdzunsf
kdzusfn
kdzusnf
kfdnsuz
kfdnszu
kfdnusz
kfdnuzs
kfdnzsu
kfdnzus
kfdsnuz
kfdsnzu
kfdsunz
kfdsuzn
kfdsznu
kfdszun
kfdunsz
kfdunzs
kfdusnz
kfduszn
kfduzns
kfduzsn
kfdznsu
kfdznus
kfdzsnu
kfdzsun
kfdzuns
kfdzusn
kfndsuz
kfndszu
kfndusz
kfnduzs
kfndzsu
kfndzus
kfnsduz
kfnsdzu
kfnsudz
kfnsuzd
kfnszdu
kfnszud
kfnudsz
kfnudzs
kfnusdz
kfnuszd
kfnuzds
kfnuzsd
kfnzdsu
kfnzdus
kfnzsdu
kfnzsud
kfnzuds
kfnzusd
kfsdnuz
kfsdnzu
kfsdunz
kfsduzn
kfsdznu
kfsdzun
kfsnduz
kfsndzu
kfsnudz
kfsnuzd
kfsnzdu
kfsnzud
kfsudnz
kfsudzn
kfsundz
kfsunzd
kfsuzdn
kfsuznd
kfszdnu
kfszdun
kfszndu
kfsznud
kfszudn
kfszund
kfudnsz
kfudnzs
kfudsnz
kfudszn
kfudzns
kfudzsn
kfundsz
kfundzs
kfunsdz
kfunszd
kfunzds
kfunzsd
kfusdnz
kfusdzn
kfusndz
kfusnzd
kfuszdn
kfusznd
kfuzdns
kfuzdsn
kfuznds
kfuznsd
kfuzsdn
kfuzsnd
kfzdnsu
kfzdnus
kfzdsnu
kfzdsun
kfzduns
kfzdusn
kfzndsu
kfzndus
kfznsdu
kfznsud
kfznuds
kfznusd
kfzsdnu
kfzsdun
kfzsndu
kfzsnud
kfzsudn
kfzsund
kfzudns
kfzudsn
kfzunds
kfzunsd
kfzusdn
kfzusnd
kndfsuz
kndfszu
kndfusz
kndfuzs
kndfzsu
kndfzus
kndsfuz
kndsfzu
kndsufz
kndsuzf
kndszfu
kndszuf
kndufsz
kndufzs
kndusfz
knduszf
knduzfs
knduzsf
kndzfsu
kndzfus
kndzsfu
kndzsuf
kndzufs
kndzusf
knfdsuz
knfdszu
knfdusz
knfduzs
knfdzsu
knfdzus
knfsduz
knfsdzu
knfsudz
knfsuzd
knfszdu
knfszud
knfudsz
knfudzs
knfusdz
knfuszd
knfuzds
knfuzsd
knfzdsu
knfzdus
knfzsdu
knfzsud
knfzuds
knfzusd
knsdfuz
knsdfzu
knsdufz
knsduzf
knsdzfu
knsdzuf
knsfduz
knsfdzu
knsfudz
knsfuzd
knsfzdu
knsfzud
knsudfz
knsudzf
knsufdz
knsufzd
knsuzdf
knsuzfd
knszdfu
knszduf
knszfdu
knszfud
knszudf
knszufd
knudfsz
knudfzs
knudsfz
knudszf
knudzfs
knudzsf
knufdsz
knufdzs
knufsdz
knufszd
knufzds
knufzsd
knusdfz
knusdzf
knusfdz
knusfzd
knuszdf
knuszfd
knuzdfs
knuzdsf
knuzfds
knuzfsd
knuzsdf
knuzsfd
knzdfsu
knzdfus
knzdsfu
knzdsuf
knzdufs
knzdusf
knzfdsu
knzfdus
knzfsdu
knzfsud
knzfuds
knzfusd
knzsdfu
knzsduf
knzsfdu
knzsfud
knzsudf
knzsufd
knzudfs
knzudsf
knzufds
knzufsd
knzusdf
knzusfd
ksdfnuz
ksdfnzu
ksdfunz
ksdfuzn
ksdfznu
ksdfzun
ksdnfuz
ksdnfzu
ksdnufz
ksdnuzf
ksdnzfu
ksdnzuf
ksdufnz
ksdufzn
ksdunfz
ksdunzf
ksduzfn
ksduznf
ksdzfnu
ksdzfun
ksdznfu
ksdznuf
ksdzufn
ksdzunf
ksfdnuz
ksfdnzu
ksfdunz
ksfduzn
ksfdznu
ksfdzun
ksfnduz
ksfndzu
ksfnudz
ksfnuzd
ksfnzdu
ksfnzud
ksfudnz
ksfudzn
ksfundz
ksfunzd
ksfuzdn
ksfuznd
ksfzdnu
ksfzdun
ksfzndu
ksfznud
ksfzudn
ksfzund
ksndfuz
ksndfzu
ksndufz
ksnduzf
ksndzfu
ksndzuf
ksnfduz
ksnfdzu
ksnfudz
ksnfuzd
ksnfzdu
ksnfzud
ksnudfz
ksnudzf
ksnufdz
ksnufzd
ksnuzdf
ksnuzfd
ksnzdfu
ksnzduf
ksnzfdu
ksnzfud
ksnzudf
ksnzufd
ksudfnz
ksudfzn
ksudnfz
ksudnzf
ksudzfn
ksudznf
ksufdnz
ksufdzn
ksufndz
ksufnzd
ksufzdn
ksufznd
ksundfz
ksundzf
ksunfdz
ksunfzd
ksunzdf
ksunzfd
ksuzdfn
ksuzdnf
ksuzfdn
ksuzfnd
ksuzndf
ksuznfd
kszdfnu
kszdfun
kszdnfu
kszdnuf
kszdufn
kszdunf
kszfdnu
kszfdun
kszfndu
kszfnud
kszfudn
kszfund
kszndfu
ksznduf
ksznfdu
ksznfud
ksznudf
ksznufd
kszudfn
kszudnf
kszufdn
kszufnd
kszundf
kszunfd
kudfnsz
kudfnzs
kudfsnz
kudfszn
kudfzns
kudfzsn
kudnfsz
kudnfzs
kudnsfz
kudnszf
kudnzfs
kudnzsf
kudsfnz
kudsfzn
kudsnfz
kudsnzf
kudszfn
kudsznf
kudzfns
kudzfsn
kudznfs
kudznsf
kudzsfn
kudzsnf
kufdnsz
kufdnzs
kufdsnz
kufdszn
kufdzns
kufdzsn
kufndsz
kufndzs
kufnsdz
kufnszd
kufnzds
kufnzsd
kufsdnz
kufsdzn
kufsndz
kufsnzd
kufszdn
kufsznd
kufzdns
kufzdsn
kufznds
kufznsd
kufzsdn
kufzsnd
kundfsz
kundfzs
kundsfz
kundszf
kundzfs
kundzsf
kunfdsz
kunfdzs
kunfsdz
kunfszd
kunfzds
kunfzsd
kunsdfz
kunsdzf
kunsfdz
kunsfzd
kunszdf
kunszfd
kunzdfs
kunzdsf
kunzfds
kunzfsd
kunzsdf
kunzsfd
kusdfnz
kusdfzn
kusdnfz
kusdnzf
kusdzfn
kusdznf
kusfdnz
kusfdzn
kusfndz
kusfnzd
kusfzdn
kusfznd
kusndfz
kusndzf
kusnfdz
kusnfzd
kusnzdf
kusnzfd
kuszdfn
kuszdnf
kuszfdn
kuszfnd
kuszndf
kusznfd
kuzdfns
kuzdfsn
kuzdnfs
kuzdnsf
kuzdsfn
kuzdsnf
kuzfdns
kuzfdsn
kuzfnds
kuzfnsd
kuzfsdn
kuzfsnd
kuzndfs
kuzndsf
kuznfds
kuznfsd
kuznsdf
kuznsfd
kuzsdfn
kuzsdnf
kuzsfdn
kuzsfnd
kuzsndf
kuzsnfd
kzdfnsu
kzdfnus
kzdfsnu
kzdfsun
kzdfuns
kzdfusn
kzdnfsu
kzdnfus
kzdnsfu
kzdnsuf
kzdnufs
kzdnusf
kzdsfnu
kzdsfun
kzdsnfu
kzdsnuf
kzdsufn
kzdsunf
kzdufns
kzdufsn
kzdunfs
kzdunsf
kzdusfn
kzdusnf
kzfdnsu
kzfdnus
kzfdsnu
kzfdsun
kzfduns
kzfdusn
kzfndsu
kzfndus
kzfnsdu
kzfnsud
kzfnuds
kzfnusd
kzfsdnu
kzfsdun
kzfsndu
kzfsnud
kzfsudn
kzfsund
kzfudns
kzfudsn
kzfunds
kzfunsd
kzfusdn
kzfusnd
kzndfsu
kzndfus
kzndsfu
kzndsuf
kzndufs
kzndusf
kznfdsu
kznfdus
kznfsdu
kznfsud
kznfuds
kznfusd
kznsdfu
kznsduf
kznsfdu
kznsfud
kznsudf
kznsufd
kznudfs
kznudsf
kznufds
kznufsd
kznusdf
kznusfd
kzsdfnu
kzsdfun
kzsdnfu
kzsdnuf
kzsdufn
kzsdunf
kzsfdnu
kzsfdun
kzsfndu
kzsfnud
kzsfudn
kzsfund
kzsndfu
kzsnduf
kzsnfdu
kzsnfud
kzsnudf
kzsnufd
kzsudfn
kzsudnf
kzsufdn
kzsufnd
kzsundf
kzsunfd
kzudfns
kzudfsn
kzudnfs
kzudnsf
kzudsfn
kzudsnf
kzufdns
kzufdsn
kzufnds
kzufnsd
kzufsdn
kzufsnd
kzundfs
kzundsf
kzunfds
kzunfsd
kzunsdf
kzunsfd
kzusdfn
kzusdnf
kzusfdn
kzusfnd
kzusndf
kzusnfd
ndfksuz
ndfkszu
ndfkusz
ndfkuzs
ndfkzsu
ndfkzus
ndfskuz
ndfskzu
ndfsukz
ndfsuzk
ndfszku
ndfszuk
ndfuksz
ndfukzs
ndfuskz
ndfuszk
ndfuzks
ndfuzsk
ndfzksu
ndfzkus
ndfzsku
ndfzsuk
ndfzuks
ndfzusk
ndkfsuz
ndkfszu
ndkfusz
ndkfuzs
ndkfzsu
ndkfzus
ndksfuz
ndksfzu
ndksufz
ndksuzf
ndkszfu
ndkszuf
ndkufsz
ndkufzs
ndkusfz
ndkuszf
ndkuzfs
ndkuzsf
ndkzfsu
ndkzfus
ndkzsfu
ndkzsuf
ndkzufs
ndkzusf
ndsfkuz
ndsfkzu
ndsfukz
ndsfuzk
ndsfzku
ndsfzuk
ndskfuz
ndskfzu
ndskufz
ndskuzf
ndskzfu
ndskzuf
ndsufkz
ndsufzk
ndsukfz
ndsukzf
ndsuzfk
ndsuzkf
ndszfku
ndszfuk
ndszkfu
ndszkuf
ndszufk
ndszukf
ndufksz
ndufkzs
ndufskz
ndufszk
ndufzks
ndufzsk
ndukfsz
ndukfzs
nduksfz
ndukszf
ndukzfs
ndukzsf
ndusfkz
ndusfzk
nduskfz
nduskzf
nduszfk
nduszkf
nduzfks
nduzfsk
nduzkfs
nduzksf
nduzsfk
nduzskf
ndzfksu
ndzfkus
ndzfsku
ndzfsuk
ndzfuks
ndzfusk
ndzkfsu
ndzkfus
ndzksfu
ndzksuf
ndzkufs
ndzkusf
ndzsfku
ndzsfuk
ndzskfu
ndzskuf
ndzsufk
ndzsukf
ndzufks
ndzufsk
ndzukfs
ndzuksf
ndzusfk
ndzuskf
nfdksuz
nfdkszu
nfdkusz
nfdkuzs
nfdkzsu
nfdkzus
nfdskuz
nfdskzu
nfdsukz
nfdsuzk
nfdszku
nfdszuk
nfduksz
nfdukzs
nfduskz
nfduszk
nfduzks
nfduzsk
nfdzksu
nfdzkus
nfdzsku
nfdzsuk
nfdzuks
nfdzusk
nfkdsuz
nfkdszu
nfkdusz
nfkduzs
nfkdzsu
nfkdzus
nfksduz
nfksdzu
nfksudz
nfksuzd
nfkszdu
nfkszud
nfkudsz
nfkudzs
nfkusdz
nfkuszd
nfkuzds
nfkuzsd
nfkzdsu
nfkzdus
nfkzsdu
nfkzsud
nfkzuds
nfkzusd
nfsdkuz
nfsdkzu
nfsdukz
nfsduzk
nfsdzku
nfsdzuk
nfskduz
nfskdzu
nfskudz
nfskuzd
nfskzdu
nfskzud
nfsudkz
nfsudzk
nfsukdz
nfsukzd
nfsuzdk
nfsuzkd
nfszdku
nfszduk
nfszkdu
nfszkud
nfszudk
nfszukd
nfudksz
nfudkzs
nfudskz
nfudszk
nfudzks
nfudzsk
nfukdsz
nfukdzs
nfuksdz
nfukszd
nfukzds
nfukzsd
nfusdkz
nfusdzk
nfuskdz
nfuskzd
nfuszdk
nfuszkd
nfuzdks
nfuzdsk
nfuzkds
nfuzksd
nfuzsdk
nfuzskd
nfzdksu
nfzdkus
nfzdsku
nfzdsuk
nfzduks
nfzdusk
nfzkdsu
nfzkdus
nfzksdu
nfzksud
nfzkuds
nfzkusd
nfzsdku
nfzsduk
nfzskdu
nfzskud
nfzsudk
nfzsukd
nfzudks
nfzudsk
nfzukds
nfzuksd
nfzusdk
nfzuskd
nkdfsuz
nkdfszu
nkdfusz
nkdfuzs
nkdfzsu
nkdfzus
nkdsfuz
nkdsfzu
nkdsufz
nkdsuzf
nkdszfu
nkdszuf
nkdufsz
nkdufzs
nkdusfz
nkduszf
nkduzfs
nkduzsf
nkdzfsu
nkdzfus
nkdzsfu
nkdzsuf
nkdzufs
nkdzusf
nkfdsuz
nkfdszu
nkfdusz
nkfduzs
nkfdzsu
nkfdzus
nkfsduz
nkfsdzu
nkfsudz
nkfsuzd
nkfszdu
nkfszud
nkfudsz
nkfudzs
nkfusdz
nkfuszd
nkfuzds
nkfuzsd
nkfzdsu
nkfzdus
nkfzsdu
nkfzsud
nkfzuds
nkfzusd
nksdfuz
nksdfzu
nksdufz
nksduzf
nksdzfu
nksdzuf
nksfduz
nksfdzu
nksfudz
nksfuzd
nksfzdu
nksfzud
nksudfz
nksudzf
nksufdz
nksufzd
nksuzdf
nksuzfd
nkszdfu
nkszduf
nkszfdu
nkszfud
nkszudf
nkszufd
nkudfsz
nkudfzs
nkudsfz
nkudszf
nkudzfs
nkudzsf
nkufdsz
nkufdzs
nkufsdz
nkufszd
nkufzds
nkufzsd
nkusdfz
nkusdzf
nkusfdz
nkusfzd
nkuszdf
nkuszfd
nkuzdfs
nkuzdsf
nkuzfds
nkuzfsd
nkuzsdf
nkuzsfd
nkzdfsu
nkzdfus
nkzdsfu
nkzdsuf
nkzdufs
nkzdusf
nkzfdsu
nkzfdus
nkzfsdu
nkzfsud
nkzfuds
nkzfusd
nkzsdfu
nkzsduf
nkzsfdu
nkzsfud
nkzsudf
nkzsufd
nkzudfs
nkzudsf
nkzufds
nkzufsd
nkzusdf
nkzusfd
nsdfkuz
nsdfkzu
nsdfukz
nsdfuzk
nsdfzku
nsdfzuk
nsdkfuz
nsdkfzu
nsdkufz
nsdkuzf
nsdkzfu
nsdkzuf
nsdufkz
nsdufzk
nsdukfz
nsdukzf
nsduzfk
nsduzkf
nsdzfku
nsdzfuk
nsdzkfu
nsdzkuf
nsdzufk
nsdzukf
nsfdkuz
nsfdkzu
nsfdukz
nsfduzk
nsfdzku
nsfdzuk
nsfkduz
nsfkdzu
nsfkudz
nsfkuzd
nsfkzdu
nsfkzud
nsfudkz
nsfudzk
nsfukdz
nsfukzd
nsfuzdk
nsfuzkd
nsfzdku
nsfzduk
nsfzkdu
nsfzkud
nsfzudk
nsfzukd
nskdfuz
nskdfzu
nskdufz
nskduzf
nskdzfu
nskdzuf
nskfduz
nskfdzu
nskfudz
nskfuzd
nskfzdu
nskfzud
nskudfz
nskudzf
nskufdz
nskufzd
nskuzdf
nskuzfd
nskzdfu
nskzduf
nskzfdu
nskzfud
nskzudf
nskzufd
nsudfkz
nsudfzk
nsudkfz
nsudkzf
nsudzfk
nsudzkf
nsufdkz
nsufdzk
nsufkdz
nsufkzd
nsufzdk
nsufzkd
nsukdfz
nsukdzf
nsukfdz
nsukfzd
nsukzdf
nsukzfd
nsuzdfk
nsuzdkf
nsuzfdk
nsuzfkd
nsuzkdf
nsuzkfd
nszdfku
nszdfuk
nszdkfu
nszdkuf
nszdufk
nszdukf
nszfdku
nszfduk
nszfkdu
nszfkud
nszfudk
nszfukd
nszkdfu
nszkduf
nszkfdu
nszkfud
nszkudf
nszkufd
nszudfk
nszudkf
nszufdk
nszufkd
nszukdf
nszukfd
nudfksz
nudfkzs
nudfskz
nudfszk
nudfzks
nudfzsk
nudkfsz
nudkfzs
nudksfz
nudkszf
nudkzfs
nudkzsf
nudsfkz
nudsfzk
nudskfz
nudskzf
nudszfk
nudszkf
nudzfks
nudzfsk
nudzkfs
nudzksf
nudzsfk
nudzskf
nufdksz
nufdkzs
nufdskz
nufdszk
nufdzks
nufdzsk
nufkdsz
nufkdzs
nufksdz
nufkszd
nufkzds
nufkzsd
nufsdkz
nufsdzk
nufskdz
nufskzd
nufszdk
nufszkd
nufzdks
nufzdsk
nufzkds
nufzksd
nufzsdk
nufzskd
nukdfsz
nukdfzs
nukdsfz
nukdszf
nukdzfs
nukdzsf
nukfdsz
nukfdzs
nukfsdz
nukfszd
nukfzds
nukfzsd
nuksdfz
nuksdzf
nuksfdz
nuksfzd
nukszdf
nukszfd
nukzdfs
nukzdsf
nukzfds
nukzfsd
nukzsdf
nukzsfd
nusdfkz
nusdfzk
nusdkfz
nusdkzf
nusdzfk
nusdzkf
nusfdkz
nusfdzk
nusfkdz
nusfkzd
nusfzdk
nusfzkd
nuskdfz
nuskdzf
nuskfdz
nuskfzd
nuskzdf
nuskzfd
nuszdfk
nuszdkf
nuszfdk
nuszfkd
nuszkdf
nuszkfd
nuzdfks
nuzdfsk
nuzdkfs
nuzdksf
nuzdsfk
nuzdskf
nuzfdks
nuzfdsk
nuzfkds
nuzfksd
nuzfsdk
nuzfskd
nuzkdfs
nuzkdsf
nuzkfds
nuzkfsd
nuzksdf
nuzksfd
nuzsdfk
nuzsdkf
nuzsfdk
nuzsfkd
nuzskdf
nuzskfd
nzdfksu
nzdfkus
nzdfsku
nzdfsuk
nzdfuks
nzdfusk
nzdkfsu
nzdkfus
nzdksfu
nzdksuf
nzdkufs
nzdkusf
nzdsfku
nzdsfuk
nzdskfu
nzdskuf
nzdsufk
nzdsukf
nzdufks
nzdufsk
nzdukfs
nzduksf
nzdusfk
nzduskf
nzfdksu
nzfdkus
nzfdsku
nzfdsuk
nzfduks
nzfdusk
nzfkdsu
nzfkdus
nzfksdu
nzfksud
nzfkuds
nzfkusd
nzfsdku
nzfsduk
nzfskdu
nzfskud
nzfsudk
nzfsukd
nzfudks
nzfudsk
nzfukds
nzfuksd
nzfusdk
nzfuskd
nzkdfsu
nzkdfus
nzkdsfu
nzkdsuf
nzkdufs
nzkdusf
nzkfdsu
nzkfdus
nzkfsdu
nzkfsud
nzkfuds
nzkfusd
nzksdfu
nzksduf
nzksfdu
nzksfud
nzksudf
nzksufd
nzkudfs
nzkudsf
nzkufds
nzkufsd
nzkusdf
nzkusfd
nzsdfku
nzsdfuk
nzsdkfu
nzsdkuf
nzsdufk
nzsdukf
nzsfdku
nzsfduk
nzsfkdu
nzsfkud
nzsfudk
nzsfukd
nzskdfu
nzskduf
nzskfdu
nzskfud
nzskudf
nzskufd
nzsudfk
nzsudkf
nzsufdk
nzsufkd
nzsukdf
nzsukfd
nzudfks
nzudfsk
nzudkfs
nzudksf
nzudsfk
nzudskf
nzufdks
nzufdsk
nzufkds
nzufksd
nzufsdk
nzufskd
nzukdfs
nzukdsf
nzukfds
nzukfsd
nzuksdf
nzuksfd
nzusdfk
nzusdkf
nzusfdk
nzusfkd
nzuskdf
nzuskfd
sdfknuz
sdfknzu
sdfkunz
sdfkuzn
sdfkznu
sdfkzun
sdfnkuz
sdfnkzu
sdfnukz
sdfnuzk
sdfnzku
sdfnzuk
sdfuknz
sdfukzn
sdfunkz
sdfunzk
sdfuzkn
sdfuznk
sdfzknu
sdfzkun
sdfznku
sdfznuk
sdfzukn
sdfzunk
sdkfnuz
sdkfnzu
sdkfunz
sdkfuzn
sdkfznu
sdkfzun
sdknfuz
sdknfzu
sdknufz
sdknuzf
sdknzfu
sdknzuf
sdkufnz
sdkufzn
sdkunfz
sdkunzf
sdkuzfn
sdkuznf
sdkzfnu
sdkzfun
sdkznfu
sdkznuf
sdkzufn
sdkzunf
sdnfkuz
sdnfkzu
sdnfukz
sdnfuzk
sdnfzku
sdnfzuk
sdnkfuz
sdnkfzu
sdnkufz
sdnkuzf
sdnkzfu
sdnkzuf
sdnufkz
sdnufzk
sdnukfz
sdnukzf
sdnuzfk
sdnuzkf
sdnzfku
sdnzfuk
sdnzkfu
sdnzkuf
sdnzufk
sdnzukf
sdufknz
sdufkzn
sdufnkz
sdufnzk
sdufzkn
sdufznk
sdukfnz
sdukfzn
sduknfz
sduknzf
sdukzfn
sdukznf
sdunfkz
sdunfzk
sdunkfz
sdunkzf
sdunzfk
sdunzkf
sduzfkn
sduzfnk
sduzkfn
sduzknf
sduznfk
sduznkf
sdzfknu
sdzfkun
sdzfnku
sdzfnuk
sdzfukn
sdzfunk
sdzkfnu
sdzkfun
sdzknfu
sdzknuf
sdzkufn
sdzkunf
sdznfku
sdznfuk
sdznkfu
sdznkuf
sdznufk
sdznukf
sdzufkn
sdzufnk
sdzukfn
sdzuknf
sdzunfk
sdzunkf
sfdknuz
sfdknzu
sfdkunz
sfdkuzn
sfdkznu
sfdkzun
sfdnkuz
sfdnkzu
sfdnukz
sfdnuzk
sfdnzku
sfdnzuk
sfduknz
sfdukzn
sfdunkz
sfdunzk
sfduzkn
sfduznk
sfdzknu
sfdzkun
sfdznku
sfdznuk
sfdzukn
sfdzunk
sfkdnuz
sfkdnzu
sfkdunz
sfkduzn
sfkdznu
sfkdzun
sfknduz
sfkndzu
sfknudz
sfknuzd
sfknzdu
sfknzud
sfkudnz
sfkudzn
sfkundz
sfkunzd
sfkuzdn
sfkuznd
sfkzdnu
sfkzdun
sfkzndu
sfkznud
sfkzudn
sfkzund
sfndkuz
sfndkzu
sfndukz
sfnduzk
sfndzku
sfndzuk
sfnkduz
sfnkdzu
sfnkudz
sfnkuzd
sfnkzdu
sfnkzud
sfnudkz
sfnudzk
sfnukdz
sfnukzd
sfnuzdk
sfnuzkd
sfnzdku
sfnzduk
sfnzkdu
sfnzkud
sfnzudk
sfnzukd
sfudknz
sfudkzn
sfudnkz
sfudnzk
sfudzkn
sfudznk
sfukdnz
sfukdzn
sfukndz
sfuknzd
sfukzdn
sfukznd
sfundkz
sfundzk
sfunkdz
sfunkzd
sfunzdk
sfunzkd
sfuzdkn
sfuzdnk
sfuzkdn
sfuzknd
sfuzndk
sfuznkd
sfzdknu
sfzdkun
sfzdnku
sfzdnuk
sfzdukn
sfzdunk
sfzkdnu
sfzkdun
sfzkndu
sfzknud
sfzkudn
sfzkund
sfzndku
sfznduk
sfznkdu
sfznkud
sfznudk
sfznukd
sfzudkn
sfzudnk
sfzukdn
sfzuknd
sfzundk
sfzunkd
skdfnuz
skdfnzu
skdfunz
skdfuzn
skdfznu
skdfzun
skdnfuz
skdnfzu
skdnufz
skdnuzf
skdnzfu
skdnzuf
skdufnz
skdufzn
skdunfz
skdunzf
skduzfn
skduznf
skdzfnu
skdzfun
skdznfu
skdznuf
skdzufn
skdzunf
skfdnuz
skfdnzu
skfdunz
skfduzn
skfdznu
skfdzun
skfnduz
skfndzu
skfnudz
skfnuzd
skfnzdu
skfnzud
skfudnz
skfudzn
skfundz
skfunzd
skfuzdn
skfuznd
skfzdnu
skfzdun
skfzndu
skfznud
skfzudn
skfzund
skndfuz
skndfzu
skndufz
sknduzf
skndzfu
skndzuf
sknfduz
sknfdzu
sknfudz
sknfuzd
sknfzdu
sknfzud
sknudfz
sknudzf
sknufdz
sknufzd
sknuzdf
sknuzfd
sknzdfu
sknzduf
sknzfdu
sknzfud
sknzudf
sknzufd
skudfnz
skudfzn
skudnfz
skudnzf
skudzfn
skudznf
skufdnz
skufdzn
skufndz
skufnzd
skufzdn
skufznd
skundfz
skundzf
skunfdz
skunfzd
skunzdf
skunzfd
skuzdfn
skuzdnf
skuzfdn
skuzfnd
skuzndf
skuznfd
skzdfnu
skzdfun
skzdnfu
skzdnuf
skzdufn
skzdunf
skzfdnu
skzfdun
skzfndu
skzfnud
skzfudn
skzfund
skzndfu
skznduf
skznfdu
skznfud
skznudf
skznufd
skzudfn
skzudnf
skzufdn
skzufnd
skzundf
skzunfd
sndfkuz
sndfkzu
sndfukz
sndfuzk
sndfzku
sndfzuk
sndkfuz
sndkfzu
sndkufz
sndkuzf
sndkzfu
sndkzuf
sndufkz
sndufzk
sndukfz
sndukzf
snduzfk
snduzkf
sndzfku
sndzfuk
sndzkfu
sndzkuf
sndzufk
sndzukf
snfdkuz
snfdkzu
snfdukz
snfduzk
snfdzku
snfdzuk
snfkduz
snfkdzu
snfkudz
snfkuzd
snfkzdu
snfkzud
snfudkz
snfudzk
snfukdz
snfukzd
snfuzdk
snfuzkd
snfzdku
snfzduk
snfzkdu
snfzkud
snfzudk
snfzukd
snkdfuz
snkdfzu
snkdufz
snkduzf
snkdzfu
snkdzuf
snkfduz
snkfdzu
snkfudz
snkfuzd
snkfzdu
snkfzud
snkudfz
snkudzf
snkufdz
snkufzd
snkuzdf
snkuzfd
snkzdfu
snkzduf
snkzfdu
snkzfud
snkzudf
snkzufd
snudfkz
snudfzk
snudkfz
snudkzf
snudzfk
snudzkf
snufdkz
snufdzk
snufkdz
snufkzd
snufzdk
snufzkd
snukdfz
snukdzf
snukfdz
snukfzd
snukzdf
snukzfd
snuzdfk
snuzdkf
snuzfdk
snuzfkd
snuzkdf
snuzkfd
snzdfku
snzdfuk
snzdkfu
snzdkuf
snzdufk
snzdukf
snzfdku
snzfduk
snzfkdu
snzfkud
snzfudk
snzfukd
snzkdfu
snzkduf
snzkfdu
snzkfud
snzkudf
snzkufd
snzudfk
snzudkf
snzufdk
snzufkd
snzukdf
snzukfd
sudfknz
sudfkzn
sudfnkz
sudfnzk
sudfzkn
sudfznk
sudkfnz
sudkfzn
sudknfz
sudknzf
sudkzfn
sudkznf
sudnfkz
sudnfzk
sudnkfz
sudnkzf
sudnzfk
sudnzkf
sudzfkn
sudzfnk
sudzkfn
sudzknf
sudznfk
sudznkf
sufdknz
sufdkzn
sufdnkz
sufdnzk
sufdzkn
sufdznk
sufkdnz
sufkdzn
sufkndz
sufknzd
sufkzdn
sufkznd
sufndkz
sufndzk
sufnkdz
sufnkzd
sufnzdk
sufnzkd
sufzdkn
sufzdnk
sufzkdn
sufzknd
sufzndk
sufznkd
sukdfnz
sukdfzn
sukdnfz
sukdnzf
sukdzfn
sukdznf
sukfdnz
sukfdzn
sukfndz
sukfnzd
sukfzdn
sukfznd
sukndfz
sukndzf
suknfdz
suknfzd
suknzdf
suknzfd
sukzdfn
sukzdnf
sukzfdn
sukzfnd
sukzndf
sukznfd
sundfkz
sundfzk
sundkfz
sundkzf
sundzfk
sundzkf
sunfdkz
sunfdzk
sunfkdz
sunfkzd
sunfzdk
sunfzkd
sunkdfz
sunkdzf
sunkfdz
sunkfzd
sunkzdf
sunkzfd
sunzdfk
sunzdkf
sunzfdk
sunzfkd
sunzkdf
sunzkfd
suzdfkn
suzdfnk
suzdkfn
suzdknf
suzdnfk
suzdnkf
suzfdkn
suzfdnk
suzfkdn
suzfknd
suzfndk
suzfnkd
suzkdfn
suzkdnf
suzkfdn
suzkfnd
suzkndf
suzknfd
suzndfk
suzndkf
suznfdk
suznfkd
suznkdf
suznkfd
szdfknu
szdfkun
szdfnku
szdfnuk
szdfukn
szdfunk
szdkfnu
szdkfun
szdknfu
szdknuf
szdkufn
szdkunf
szdnfku
szdnfuk
szdnkfu
szdnkuf
szdnufk
szdnukf
szdufkn
szdufnk
szdukfn
szduknf
szdunfk
szdunkf
szfdknu
szfdkun
szfdnku
szfdnuk
szfdukn
szfdunk
szfkdnu
szfkdun
szfkndu
szfknud
szfkudn
szfkund
szfndku
szfnduk
szfnkdu
szfnkud
szfnudk
szfnukd
szfudkn
szfudnk
szfukdn
szfuknd
szfundk
szfunkd
szkdfnu
szkdfun
szkdnfu
szkdnuf
szkdufn
szkdunf
szkfdnu
szkfdun
szkfndu
szkfnud
szkfudn
szkfund
szkndfu
szknduf
szknfdu
szknfud
szknudf
szknufd
szkudfn
szkudnf
szkufdn
szkufnd
szkundf
szkunfd
szndfku
szndfuk
szndkfu
szndkuf
szndufk
szndukf
sznfdku
sznfduk
sznfkdu
sznfkud
sznfudk
sznfukd
sznkdfu
sznkduf
sznkfdu
sznkfud
sznkudf
sznkufd
sznudfk
sznudkf
sznufdk
sznufkd
sznukdf
sznukfd
szudfkn
szudfnk
szudkfn
szudknf
szudnfk
szudnkf
szufdkn
szufdnk
szufkdn
szufknd
szufndk
szufnkd
szukdfn
szukdnf
szukfdn
szukfnd
szukndf
szuknfd
szundfk
szundkf
szunfdk
szunfkd
szunkdf
szunkfd
udfknsz
udfknzs
udfksnz
udfkszn
udfkzns
udfkzsn
udfnksz
udfnkzs
udfnskz
udfnszk
udfnzks
udfnzsk
udfsknz
udfskzn
udfsnkz
udfsnzk
udfszkn
udfsznk
udfzkns
udfzksn
udfznks
udfznsk
udfzskn
udfzsnk
udkfnsz
udkfnzs
udkfsnz
udkfszn
udkfzns
udkfzsn
udknfsz
udknfzs
udknsfz
udknszf
udknzfs
udknzsf
udksfnz
udksfzn
udksnfz
udksnzf
udkszfn
udksznf
udkzfns
udkzfsn
udkznfs
udkznsf
udkzsfn
udkzsnf
udnfksz
udnfkzs
udnfskz
udnfszk
udnfzks
udnfzsk
udnkfsz
udnkfzs
udnksfz
udnkszf
udnkzfs
udnkzsf
udnsfkz
udnsfzk
udnskfz
udnskzf
udnszfk
udnszkf
udnzfks
udnzfsk
udnzkfs
udnzksf
udnzsfk
udnzskf
udsfknz
udsfkzn
udsfnkz
udsfnzk
udsfzkn
udsfznk
udskfnz
udskfzn
udsknfz
udsknzf
udskzfn
udskznf
udsnfkz
udsnfzk
udsnkfz
udsnkzf
udsnzfk
udsnzkf
udszfkn
udszfnk
udszkfn
udszknf
udsznfk
udsznkf
udzfkns
udzfksn
udzfnks
udzfnsk
udzfskn
udzfsnk
udzkfns
udzkfsn
udzknfs
udzknsf
udzksfn
udzksnf
udznfks
udznfsk
udznkfs
udznksf
udznsfk
udznskf
udzsfkn
udzsfnk
udzskfn
udzsknf
udzsnfk
udzsnkf
ufdknsz
ufdknzs
ufdksnz
ufdkszn
ufdkzns
ufdkzsn
ufdnksz
ufdnkzs
ufdnskz
ufdnszk
ufdnzks
ufdnzsk
ufdsknz
ufdskzn
ufdsnkz
ufdsnzk
ufdszkn
ufdsznk
ufdzkns
ufdzksn
ufdznks
ufdznsk
ufdzskn
ufdzsnk
ufkdnsz
ufkdnzs
ufkdsnz
ufkdszn
ufkdzns
ufkdzsn
ufkndsz
ufkndzs
ufknsdz
ufknszd
ufknzds
ufknzsd
ufksdnz
ufksdzn
ufksndz
ufksnzd
ufkszdn
ufksznd
ufkzdns
ufkzdsn
ufkznds
ufkznsd
ufkzsdn
ufkzsnd
ufndksz
ufndkzs
ufndskz
ufndszk
ufndzks
ufndzsk
ufnkdsz
ufnkdzs
ufnksdz
ufnkszd
ufnkzds
ufnkzsd
ufnsdkz
ufnsdzk
ufnskdz
ufnskzd
ufnszdk
ufnszkd
ufnzdks
ufnzdsk
ufnzkds
ufnzksd
ufnzsdk
ufnzskd
ufsdknz
ufsdkzn
ufsdnkz
ufsdnzk
ufsdzkn
ufsdznk
ufskdnz
ufskdzn
ufskndz
ufsknzd
ufskzdn
ufskznd
ufsndkz
ufsndzk
ufsnkdz
ufsnkzd
ufsnzdk
ufsnzkd
ufszdkn
ufszdnk
ufszkdn
ufszknd
ufszndk
ufsznkd
ufzdkns
ufzdksn
ufzdnks
ufzdnsk
ufzdskn
ufzdsnk
ufzkdns
ufzkdsn
ufzknds
ufzknsd
ufzksdn
ufzksnd
ufzndks
ufzndsk
ufznkds
ufznksd
ufznsdk
ufznskd
ufzsdkn
ufzsdnk
ufzskdn
ufzsknd
ufzsndk
ufzsnkd
ukdfnsz
ukdfnzs
ukdfsnz
ukdfszn
ukdfzns
ukdfzsn
ukdnfsz
ukdnfzs
ukdnsfz
ukdnszf
ukdnzfs
ukdnzsf
ukdsfnz
ukdsfzn
ukdsnfz
ukdsnzf
ukdszfn
ukdsznf
ukdzfns
ukdzfsn
ukdznfs
ukdznsf
ukdzsfn
ukdzsnf
ukfdnsz
ukfdnzs
ukfdsnz
ukfdszn
ukfdzns
ukfdzsn
ukfndsz
ukfndzs
ukfnsdz
ukfnszd
ukfnzds
ukfnzsd
ukfsdnz
ukfsdzn
ukfsndz
ukfsnzd
ukfszdn
ukfsznd
ukfzdns
ukfzdsn
ukfznds
ukfznsd
ukfzsdn
ukfzsnd
ukndfsz
ukndfzs
ukndsfz
ukndszf
ukndzfs
ukndzsf
uknfdsz
uknfdzs
uknfsdz
uknfszd
uknfzds
uknfzsd
uknsdfz
uknsdzf
uknsfdz
uknsfzd
uknszdf
uknszfd
uknzdfs
uknzdsf
uknzfds
uknzfsd
uknzsdf
uknzsfd
uksdfnz
uksdfzn
uksdnfz
uksdnzf
uksdzfn
uksdznf
uksfdnz
uksfdzn
uksfndz
uksfnzd
uksfzdn
uksfznd
uksndfz
uksndzf
uksnfdz
uksnfzd
uksnzdf
uksnzfd
ukszdfn
ukszdnf
ukszfdn
ukszfnd
ukszndf
uksznfd
ukzdfns
ukzdfsn
ukzdnfs
ukzdnsf
ukzdsfn
ukzdsnf
ukzfdns
ukzfdsn
ukzfnds
ukzfnsd
ukzfsdn
ukzfsnd
ukzndfs
ukzndsf
ukznfds
ukznfsd
ukznsdf
ukznsfd
ukzsdfn
ukzsdnf
ukzsfdn
ukzsfnd
ukzsndf
ukzsnfd
undfksz
undfkzs
undfskz
undfszk
undfzks
undfzsk
undkfsz
undkfzs
undksfz
undkszf
undkzfs
undkzsf
undsfkz
undsfzk
undskfz
undskzf
undszfk
undszkf
undzfks
undzfsk
undzkfs
undzksf
undzsfk
undzskf
unfdksz
unfdkzs
unfdskz
unfdszk
unfdzks
unfdzsk
unfkdsz
unfkdzs
unfksdz
unfkszd
unfkzds
unfkzsd
unfsdkz
unfsdzk
unfskdz
unfskzd
unfszdk
unfszkd
unfzdks
unfzdsk
unfzkds
unfzksd
unfzsdk
unfzskd
unkdfsz
unkdfzs
unkdsfz
unkdszf
unkdzfs
unkdzsf
unkfdsz
unkfdzs
unkfsdz
unkfszd
unkfzds
unkfzsd
unksdfz
unksdzf
unksfdz
unksfzd
unkszdf
unkszfd
unkzdfs
unkzdsf
unkzfds
unkzfsd
unkzsdf
unkzsfd
unsdfkz
unsdfzk
unsdkfz
unsdkzf
unsdzfk
unsdzkf
unsfdkz
unsfdzk
unsfkdz
unsfkzd
unsfzdk
unsfzkd
unskdfz
unskdzf
unskfdz
unskfzd
unskzdf
unskzfd
unszdfk
unszdkf
unszfdk
unszfkd
unszkdf
unszkfd
unzdfks
unzdfsk
unzdkfs
unzdksf
unzdsfk
unzdskf
unzfdks
unzfdsk
unzfkds
unzfksd
unzfsdk
unzfskd
unzkdfs
unzkdsf
unzkfds
unzkfsd
unzksdf
unzksfd
unzsdfk
unzsdkf
unzsfdk
unzsfkd
unzskdf
unzskfd
usdfknz
usdfkzn
usdfnkz
usdfnzk
usdfzkn
usdfznk
usdkfnz
usdkfzn
usdknfz
usdknzf
usdkzfn
usdkznf
usdnfkz
usdnfzk
usdnkfz
usdnkzf
usdnzfk
usdnzkf
usdzfkn
usdzfnk
usdzkfn
usdzknf
usdznfk
usdznkf
usfdknz
usfdkzn
usfdnkz
usfdnzk
usfdzkn
usfdznk
usfkdnz
usfkdzn
usfkndz
usfknzd
usfkzdn
usfkznd
usfndkz
usfndzk
usfnkdz
usfnkzd
usfnzdk
usfnzkd
usfzdkn
usfzdnk
usfzkdn
usfzknd
usfzndk
usfznkd
uskdfnz
uskdfzn
uskdnfz
uskdnzf
uskdzfn
uskdznf
uskfdnz
uskfdzn
uskfndz
uskfnzd
uskfzdn
uskfznd
uskndfz
uskndzf
usknfdz
usknfzd
usknzdf
usknzfd
uskzdfn
uskzdnf
uskzfdn
uskzfnd
uskzndf
uskznfd
usndfkz
usndfzk
usndkfz
usndkzf
usndzfk
usndzkf
usnfdkz
usnfdzk
usnfkdz
usnfkzd
usnfzdk
usnfzkd
usnkdfz
usnkdzf
usnkfdz
usnkfzd
usnkzdf
usnkzfd
usnzdfk
usnzdkf
usnzfdk
usnzfkd
usnzkdf
usnzkfd
uszdfkn
uszdfnk
uszdkfn
uszdknf
uszdnfk
uszdnkf
uszfdkn
uszfdnk
uszfkdn
uszfknd
uszfndk
uszfnkd
uszkdfn
uszkdnf
uszkfdn
uszkfnd
uszkndf
uszknfd
uszndfk
uszndkf
usznfdk
usznfkd
usznkdf
usznkfd
uzdfkns
uzdfksn
uzdfnks
uzdfnsk
uzdfskn
uzdfsnk
uzdkfns
uzdkfsn
uzdknfs
uzdknsf
uzdksfn
uzdksnf
uzdnfks
uzdnfsk
uzdnkfs
uzdnksf
uzdnsfk
uzdnskf
uzdsfkn
uzdsfnk
uzdskfn
uzdsknf
uzdsnfk
uzdsnkf
uzfdkns
uzfdksn
uzfdnks
uzfdnsk
uzfdskn
uzfdsnk
uzfkdns
uzfkdsn
uzfknds
uzfknsd
uzfksdn
uzfksnd
uzfndks
uzfndsk
uzfnkds
uzfnksd
uzfnsdk
uzfnskd
uzfsdkn
uzfsdnk
uzfskdn
uzfsknd
uzfsndk
uzfsnkd
uzkdfns
uzkdfsn
uzkdnfs
uzkdnsf
uzkdsfn
uzkdsnf
uzkfdns
uzkfdsn
uzkfnds
uzkfnsd
uzkfsdn
uzkfsnd
uzkndfs
uzkndsf
uzknfds
uzknfsd
uzknsdf
uzknsfd
uzksdfn
uzksdnf
uzksfdn
uzksfnd
uzksndf
uzksnfd
uzndfks
uzndfsk
uzndkfs
uzndksf
uzndsfk
uzndskf
uznfdks
uznfdsk
uznfkds
uznfksd
uznfsdk
uznfskd
uznkdfs
uznkdsf
uznkfds
uznkfsd
uznksdf
uznksfd
uznsdfk
uznsdkf
uznsfdk
uznsfkd
uznskdf
uznskfd
uzsdfkn
uzsdfnk
uzsdkfn
uzsdknf
uzsdnfk
uzsdnkf
uzsfdkn
uzsfdnk
uzsfkdn
uzsfknd
uzsfndk
uzsfnkd
uzskdfn
uzskdnf
uzskfdn
uzskfnd
uzskndf
uzsknfd
uzsndfk
uzsndkf
uzsnfdk
uzsnfkd
uzsnkdf
uzsnkfd
zdfknsu
zdfknus
zdfksnu
zdfksun
zdfkuns
zdfkusn
zdfnksu
zdfnkus
zdfnsku
zdfnsuk
zdfnuks
zdfnusk
zdfsknu
zdfskun
zdfsnku
zdfsnuk
zdfsukn
zdfsunk
zdfukns
zdfuksn
zdfunks
zdfunsk
zdfuskn
zdfusnk
zdkfnsu
zdkfnus
zdkfsnu
zdkfsun
zdkfuns
zdkfusn
zdknfsu
zdknfus
zdknsfu
zdknsuf
zdknufs
zdknusf
zdksfnu
zdksfun
zdksnfu
zdksnuf
zdksufn
zdksunf
zdkufns
zdkufsn
zdkunfs
zdkunsf
zdkusfn
zdkusnf
zdnfksu
zdnfkus
zdnfsku
zdnfsuk
zdnfuks
zdnfusk
zdnkfsu
zdnkfus
zdnksfu
zdnksuf
zdnkufs
zdnkusf
zdnsfku
zdnsfuk
zdnskfu
zdnskuf
zdnsufk
zdnsukf
zdnufks
zdnufsk
zdnukfs
zdnuksf
zdnusfk
zdnuskf
zdsfknu
zdsfkun
zdsfnku
zdsfnuk
zdsfukn
zdsfunk
zdskfnu
zdskfun
zdsknfu
zdsknuf
zdskufn
zdskunf
zdsnfku
zdsnfuk
zdsnkfu
zdsnkuf
zdsnufk
zdsnukf
zdsufkn
zdsufnk
zdsukfn
zdsuknf
zdsunfk
zdsunkf
zdufkns
zdufksn
zdufnks
zdufnsk
zdufskn
zdufsnk
zdukfns
zdukfsn
zduknfs
zduknsf
zduksfn
zduksnf
zdunfks
zdunfsk
zdunkfs
zdunksf
zdunsfk
zdunskf
zdusfkn
zdusfnk
zduskfn
zdusknf
zdusnfk
zdusnkf
zfdknsu
zfdknus
zfdksnu
zfdksun
zfdkuns
zfdkusn
zfdnksu
zfdnkus
zfdnsku
zfdnsuk
zfdnuks
zfdnusk
zfdsknu
zfdskun
zfdsnku
zfdsnuk
zfdsukn
zfdsunk
zfdukns
zfduksn
zfdunks
zfdunsk
zfduskn
zfdusnk
zfkdnsu
zfkdnus
zfkdsnu
zfkdsun
zfkduns
zfkdusn
zfkndsu
zfkndus
zfknsdu
zfknsud
zfknuds
zfknusd
zfksdnu
zfksdun
zfksndu
zfksnud
zfksudn
zfksund
zfkudns
zfkudsn
zfkunds
zfkunsd
zfkusdn
zfkusnd
zfndksu
zfndkus
zfndsku
zfndsuk
zfnduks
zfndusk
zfnkdsu
zfnkdus
zfnksdu
zfnksud
zfnkuds
zfnkusd
zfnsdku
zfnsduk
zfnskdu
zfnskud
zfnsudk
zfnsukd
zfnudks
zfnudsk
zfnukds
zfnuksd
zfnusdk
zfnuskd
zfsdknu
zfsdkun
zfsdnku
zfsdnuk
zfsdukn
zfsdunk
zfskdnu
zfskdun
zfskndu
zfsknud
zfskudn
zfskund
zfsndku
zfsnduk
zfsnkdu
zfsnkud
zfsnudk
zfsnukd
zfsudkn
zfsudnk
zfsukdn
zfsuknd
zfsundk
zfsunkd
zfudkns
zfudksn
zfudnks
zfudnsk
zfudskn
zfudsnk
zfukdns
zfukdsn
zfuknds
zfuknsd
zfuksdn
zfuksnd
zfundks
zfundsk
zfunkds
zfunksd
zfunsdk
zfunskd
zfusdkn
zfusdnk
zfuskdn
zfusknd
zfusndk
zfusnkd
zkdfnsu
zkdfnus
zkdfsnu
zkdfsun
zkdfuns
zkdfusn
zkdnfsu
zkdnfus
zkdnsfu
zkdnsuf
zkdnufs
zkdnusf
zkdsfnu
zkdsfun
zkdsnfu
zkdsnuf
zkdsufn
zkdsunf
zkdufns
zkdufsn
zkdunfs
zkdunsf
zkdusfn
zkdusnf
zkfdnsu
zkfdnus
zkfdsnu
zkfdsun
zkfduns
zkfdusn
zkfndsu
zkfndus
zkfnsdu
zkfnsud
zkfnuds
zkfnusd
zkfsdnu
zkfsdun
zkfsndu
zkfsnud
zkfsudn
zkfsund
zkfudns
zkfudsn
zkfunds
zkfunsd
zkfusdn
zkfusnd
zkndfsu
zkndfus
zkndsfu
zkndsuf
zkndufs
zkndusf
zknfdsu
zknfdus
zknfsdu
zknfsud
zknfuds
zknfusd
zknsdfu
zknsduf
zknsfdu
zknsfud
zknsudf
zknsufd
zknudfs
zknudsf
zknufds
zknufsd
zknusdf
zknusfd
zksdfnu
zksdfun
zksdnfu
zksdnuf
zksdufn
zksdunf
zksfdnu
zksfdun
zksfndu
zksfnud
zksfudn
zksfund
zksndfu
zksnduf
zksnfdu
zksnfud
zksnudf
zksnufd
zksudfn
zksudnf
zksufdn
zksufnd
zksundf
zksunfd
zkudfns
zkudfsn
zkudnfs
zkudnsf
zkudsfn
zkudsnf
zkufdns
zkufdsn
zkufnds
zkufnsd
zkufsdn
zkufsnd
zkundfs
zkundsf
zkunfds
zkunfsd
zkunsdf
zkunsfd
zkusdfn
zkusdnf
zkusfdn
zkusfnd
zkusndf
zkusnfd
zndfksu
zndfkus
zndfsku
zndfsuk
zndfuks
zndfusk
zndkfsu
zndkfus
zndksfu
zndksuf
zndkufs
zndkusf
zndsfku
zndsfuk
zndskfu
zndskuf
zndsufk
zndsukf
zndufks
zndufsk
zndukfs
znduksf
zndusfk
znduskf
znfdksu
znfdkus
znfdsku
znfdsuk
znfduks
znfdusk
znfkdsu
znfkdus
znfksdu
znfksud
znfkuds
znfkusd
znfsdku
znfsduk
znfskdu
znfskud
znfsudk
znfsukd
znfudks
znfudsk
znfukds
znfuksd
znfusdk
znfuskd
znkdfsu
znkdfus
znkdsfu
znkdsuf
znkdufs
znkdusf
znkfdsu
znkfdus
znkfsdu
znkfsud
znkfuds
znkfusd
znksdfu
znksduf
znksfdu
znksfud
znksudf
znksufd
znkudfs
znkudsf
znkufds
znkufsd
znkusdf
znkusfd
znsdfku
znsdfuk
znsdkfu
znsdkuf
znsdufk
znsdukf
znsfdku
znsfduk
znsfkdu
znsfkud
znsfudk
znsfukd
znskdfu
znskduf
znskfdu
znskfud
znskudf
znskufd
znsudfk
znsudkf
znsufdk
znsufkd
znsukdf
znsukfd
znudfks
znudfsk
znudkfs
znudksf
znudsfk
znudskf
znufdks
znufdsk
znufkds
znufksd
znufsdk
znufskd
znukdfs
znukdsf
znukfds
znukfsd
znuksdf
znuksfd
znusdfk
znusdkf
znusfdk
znusfkd
znuskdf
znuskfd
zsdfknu
zsdfkun
zsdfnku
zsdfnuk
zsdfukn
zsdfunk
zsdkfnu
zsdkfun
zsdknfu
zsdknuf
zsdkufn
zsdkunf
zsdnfku
zsdnfuk
zsdnkfu
zsdnkuf
zsdnufk
zsdnukf
zsdufkn
zsdufnk
zsdukfn
zsduknf
zsdunfk
zsdunkf
zsfdknu
zsfdkun
zsfdnku
zsfdnuk
zsfdukn
zsfdunk
zsfkdnu
zsfkdun
zsfkndu
zsfknud
zsfkudn
zsfkund
zsfndku
zsfnduk
zsfnkdu
zsfnkud
zsfnudk
zsfnukd
zsfudkn
zsfudnk
zsfukdn
zsfuknd
zsfundk
zsfunkd
zskdfnu
zskdfun
zskdnfu
zskdnuf
zskdufn
zskdunf
zskfdnu
zskfdun
zskfndu
zskfnud
zskfudn
zskfund
zskndfu
zsknduf
zsknfdu
zsknfud
zsknudf
zsknufd
zskudfn
zskudnf
zskufdn
zskufnd
zskundf
zskunfd
zsndfku
zsndfuk
zsndkfu
zsndkuf
zsndufk
zsndukf
zsnfdku
zsnfduk
zsnfkdu
zsnfkud
zsnfudk
zsnfukd
zsnkdfu
zsnkduf
zsnkfdu
zsnkfud
zsnkudf
zsnkufd
zsnudfk
zsnudkf
zsnufdk
zsnufkd
zsnukdf
zsnukfd
zsudfkn
zsudfnk
zsudkfn
zsudknf
zsudnfk
zsudnkf
zsufdkn
zsufdnk
zsufkdn
zsufknd
zsufndk
zsufnkd
zsukdfn
zsukdnf
zsukfdn
zsukfnd
zsukndf
zsuknfd
zsundfk
zsundkf
zsunfdk
zsunfkd
zsunkdf
zsunkfd
zudfkns
zudfksn
zudfnks
zudfnsk
zudfskn
zudfsnk
zudkfns
zudkfsn
zudknfs
zudknsf
zudksfn
zudksnf
zudnfks
zudnfsk
zudnkfs
zudnksf
zudnsfk
zudnskf
zudsfkn
zudsfnk
zudskfn
zudsknf
zudsnfk
zudsnkf
zufdkns
zufdksn
zufdnks
zufdnsk
zufdskn
zufdsnk
zufkdns
zufkdsn
zufknds
zufknsd
zufksdn
zufksnd
zufndks
zufndsk
zufnkds
zufnksd
zufnsdk
zufnskd
zufsdkn
zufsdnk
zufskdn
zufsknd
zufsndk
zufsnkd
zukdfns
zukdfsn
zukdnfs
zukdnsf
zukdsfn
zukdsnf
zukfdns
zukfdsn
zukfnds
zukfnsd
zukfsdn
zukfsnd
zukndfs
zukndsf
zuknfds
zuknfsd
zuknsdf
zuknsfd
zuksdfn
zuksdnf
zuksfdn
zuksfnd
zuksndf
zuksnfd
zundfks
zundfsk
zundkfs
zundksf
zundsfk
zundskf
zunfdks
zunfdsk
zunfkds
zunfksd
zunfsdk
zunfskd
zunkdfs
zunkdsf
zunkfds
zunkfsd
zunksdf
zunksfd
zunsdfk
zunsdkf
zunsfdk
zunsfkd
zunskdf
zunskfd
zusdfkn
zusdfnk
zusdkfn
zusdknf
zusdnfk
zusdnkf
zusfdkn
zusfdnk
zusfkdn
zusfknd
zusfndk
zusfnkd
zuskdfn
zuskdnf
zuskfdn
zuskfnd
zuskndf
zusknfd
zusndfk
zusndkf
zusnfdk
zusnfkd
zusnkdf
zusnkfd
